[debug] [2026-04-17T23:42:51.743Z] ----------------------------------------------------------------------
[debug] [2026-04-17T23:42:51.745Z] Command:       C:\Program Files\nodejs\node.exe C:\Users\Haoma\AppData\Roaming\npm\node_modules\firebase-tools\lib\bin\firebase.js init
[debug] [2026-04-17T23:42:51.745Z] CLI Version:   15.15.0
[debug] [2026-04-17T23:42:51.745Z] Platform:      win32
[debug] [2026-04-17T23:42:51.745Z] Node Version:  v24.14.0
[debug] [2026-04-17T23:42:51.745Z] Time:          Sat Apr 18 2026 01:42:51 GMT+0200 (Eastern European Standard Time)
[debug] [2026-04-17T23:42:51.746Z] ----------------------------------------------------------------------
[debug] 
[info] 
     ######## #### ########  ######## ########     ###     ######  ########
     ##        ##  ##     ## ##       ##     ##  ##   ##  ##       ##
     ######    ##  ########  ######   ########  #########  ######  ######
     ##        ##  ##    ##  ##       ##     ## ##     ##       ## ##
     ##       #### ##     ## ######## ########  ##     ##  ######  ########

You're about to initialize a Firebase project in this directory:

  B:\Omar_Encryption_Project\Omar_Encryption_Project\backend

[info] 
=== Project Setup
[info] 
[info] First, let's associate this project directory with a Firebase project.
[info] You can create multiple project aliases by running firebase use --add, 
[info] 
[debug] [2026-04-17T23:43:30.752Z] > command requires scopes: ["email","openid","https://www.googleapis.com/auth/cloudplatformprojects.readonly","https://www.googleapis.com/auth/firebase","https://www.googleapis.com/auth/cloud-platform"]
[debug] [2026-04-17T23:43:30.753Z] > authorizing via signed-in user (hamdyomar589@gmail.com)
[debug] [2026-04-17T23:43:30.754Z] Checked if tokens are valid: false, expires at: 1776464431859
[debug] [2026-04-17T23:43:30.754Z] Checked if tokens are valid: false, expires at: 1776464431859
[debug] [2026-04-17T23:43:30.754Z] > refreshing access token with scopes: []
[debug] [2026-04-17T23:43:30.755Z] >>> [apiv2][query] POST https://www.googleapis.com/oauth2/v3/token [none]
[debug] [2026-04-17T23:43:30.755Z] >>> [apiv2][body] POST https://www.googleapis.com/oauth2/v3/token [omitted]
[debug] [2026-04-17T23:43:31.038Z] <<< [apiv2][status] POST https://www.googleapis.com/oauth2/v3/token 200
[debug] [2026-04-17T23:43:31.038Z] <<< [apiv2][body] POST https://www.googleapis.com/oauth2/v3/token [omitted]
[debug] [2026-04-17T23:43:31.045Z] >>> [apiv2][query] GET https://firebase.googleapis.com/v1beta1/projects pageSize=100
[debug] [2026-04-17T23:43:31.658Z] <<< [apiv2][status] GET https://firebase.googleapis.com/v1beta1/projects 200
[debug] [2026-04-17T23:43:31.658Z] <<< [apiv2][body] GET https://firebase.googleapis.com/v1beta1/projects [omitted]
[info] 
=== Hosting Setup
[debug] [2026-04-17T23:43:44.519Z] Checked if tokens are valid: true, expires at: 1776473010038
[debug] [2026-04-17T23:43:44.519Z] Checked if tokens are valid: true, expires at: 1776473010038
[debug] [2026-04-17T23:43:44.519Z] >>> [apiv2][query] GET https://firebase.googleapis.com/v1beta1/projects/omar-encryption-project-87055 [none]
[debug] [2026-04-17T23:43:45.006Z] <<< [apiv2][status] GET https://firebase.googleapis.com/v1beta1/projects/omar-encryption-project-87055 200
[debug] [2026-04-17T23:43:45.006Z] <<< [apiv2][body] GET https://firebase.googleapis.com/v1beta1/projects/omar-encryption-project-87055 {"projectId":"omar-encryption-project-87055","projectNumber":"946263866066","displayName":"omar-encryption-project-87055","name":"projects/omar-encryption-project-87055","resources":{"hostingSite":"omar-encryption-project-87055"},"state":"ACTIVE","etag":"1_10cb4465-41b6-49ee-a9e0-e01fe0c0011a"}
[info] 
[info] Your public directory is the folder (relative to your project directory) that
[info] will contain Hosting assets to be uploaded with firebase deploy. If you
[info] have a build process for your assets, use your build's output directory.
[info] 
[info] +  Wrote dist\404.html 
[debug] [2026-04-17T23:43:58.333Z] >>> [apiv2][query] GET https://www.gstatic.com/firebasejs/releases.json [none]
[debug] [2026-04-17T23:43:58.568Z] <<< [apiv2][status] GET https://www.gstatic.com/firebasejs/releases.json 200
[debug] [2026-04-17T23:43:58.568Z] <<< [apiv2][body] GET https://www.gstatic.com/firebasejs/releases.json {"current":{"version":"12.12.0","browserURL":"https://www.gstatic.com/firebasejs/12.12.0/firebase.js","packageURL":"https://www.gstatic.com/firebasejs/12.12.0/firebase.tgz"},"live":{"version":"12.12","browserURL":"https://www.gstatic.com/firebasejs/live/12.12/firebase.js","packageURL":"https://www.gstatic.com/firebasejs/live/12.12/firebase.tgz"},"components":{"ai":"https://www.gstatic.com/firebasejs/12.12.0/firebase-ai.js","analytics":"https://www.gstatic.com/firebasejs/12.12.0/firebase-analytics.js","app":"https://www.gstatic.com/firebasejs/12.12.0/firebase-app.js","app-check":"https://www.gstatic.com/firebasejs/12.12.0/firebase-app-check.js","auth":"https://www.gstatic.com/firebasejs/12.12.0/firebase-auth.js","auth/cordova":"https://www.gstatic.com/firebasejs/12.12.0/firebase-auth/cordova.js","auth/web-extension":"https://www.gstatic.com/firebasejs/12.12.0/firebase-auth/web-extension.js","functions":"https://www.gstatic.com/firebasejs/12.12.0/firebase-functions.js","firestore":"https://www.gstatic.com/firebasejs/12.12.0/firebase-firestore.js","firestore/lite":"https://www.gstatic.com/firebasejs/12.12.0/firebase-firestore/lite.js","firestore/pipelines":"https://www.gstatic.com/firebasejs/12.12.0/firebase-firestore/pipelines.js","firestore/lite/pipelines":"https://www.gstatic.com/firebasejs/12.12.0/firebase-firestore/lite/pipelines.js","installations":"https://www.gstatic.com/firebasejs/12.12.0/firebase-installations.js","storage":"https://www.gstatic.com/firebasejs/12.12.0/firebase-storage.js","performance":"https://www.gstatic.com/firebasejs/12.12.0/firebase-performance.js","remote-config":"https://www.gstatic.com/firebasejs/12.12.0/firebase-remote-config.js","messaging":"https://www.gstatic.com/firebasejs/12.12.0/firebase-messaging.js","messaging/sw":"https://www.gstatic.com/firebasejs/12.12.0/firebase-messaging/sw.js","database":"https://www.gstatic.com/firebasejs/12.12.0/firebase-database.js","data-connect":"https://www.gstatic.com/firebasejs/12.12.0/firebase-data-connect.js","firestore.memory":"https://www.gstatic.com/firebasejs/12.12.0/firebase-firestore.memory.js"}}
[info] +  Wrote dist\index.html 
[info] 
=== Database Setup
[info] 
[info] Firebase Realtime Database Security Rules allow you to define how your data should be
[info] structured and when your data can be read from and written to.
[info] 
[info] i  database: ensuring required API firebasedatabase.googleapis.com is enabled... 
[debug] [2026-04-17T23:44:03.739Z] Checked if tokens are valid: true, expires at: 1776473010038
[debug] [2026-04-17T23:44:03.739Z] Checked if tokens are valid: true, expires at: 1776473010038
[debug] [2026-04-17T23:44:03.739Z] >>> [apiv2][query] GET https://serviceusage.googleapis.com/v1/projects/omar-encryption-project-87055/services/firebasedatabase.googleapis.com [none]
[debug] [2026-04-17T23:44:03.739Z] >>> [apiv2][(partial)header] GET https://serviceusage.googleapis.com/v1/projects/omar-encryption-project-87055/services/firebasedatabase.googleapis.com  x-goog-user-project=omar-encryption-project-87055
[debug] [2026-04-17T23:44:04.790Z] <<< [apiv2][status] GET https://serviceusage.googleapis.com/v1/projects/omar-encryption-project-87055/services/firebasedatabase.googleapis.com 200
[debug] [2026-04-17T23:44:04.790Z] <<< [apiv2][body] GET https://serviceusage.googleapis.com/v1/projects/omar-encryption-project-87055/services/firebasedatabase.googleapis.com [omitted]
[warn] !  database: missing required API firebasedatabase.googleapis.com. Enabling now... 
[debug] [2026-04-17T23:44:04.790Z] Checked if tokens are valid: true, expires at: 1776473010038
[debug] [2026-04-17T23:44:04.790Z] Checked if tokens are valid: true, expires at: 1776473010038
[debug] [2026-04-17T23:44:04.791Z] >>> [apiv2][query] POST https://serviceusage.googleapis.com/v1/projects/omar-encryption-project-87055/services/firebasedatabase.googleapis.com:enable [none]
[debug] [2026-04-17T23:44:04.791Z] >>> [apiv2][(partial)header] POST https://serviceusage.googleapis.com/v1/projects/omar-encryption-project-87055/services/firebasedatabase.googleapis.com:enable  x-goog-user-project=omar-encryption-project-87055
[debug] [2026-04-17T23:44:05.631Z] <<< [apiv2][status] POST https://serviceusage.googleapis.com/v1/projects/omar-encryption-project-87055/services/firebasedatabase.googleapis.com:enable 200
[debug] [2026-04-17T23:44:05.631Z] <<< [apiv2][body] POST https://serviceusage.googleapis.com/v1/projects/omar-encryption-project-87055/services/firebasedatabase.googleapis.com:enable [omitted]
[info] 
[debug] [2026-04-17T23:44:15.653Z] Checked if tokens are valid: true, expires at: 1776473010038
[debug] [2026-04-17T23:44:15.653Z] Checked if tokens are valid: true, expires at: 1776473010038
[debug] [2026-04-17T23:44:15.653Z] >>> [apiv2][query] GET https://firebase.googleapis.com/v1beta1/projects/omar-encryption-project-87055 [none]
[debug] [2026-04-17T23:44:16.139Z] <<< [apiv2][status] GET https://firebase.googleapis.com/v1beta1/projects/omar-encryption-project-87055 200
[debug] [2026-04-17T23:44:16.139Z] <<< [apiv2][body] GET https://firebase.googleapis.com/v1beta1/projects/omar-encryption-project-87055 {"projectId":"omar-encryption-project-87055","projectNumber":"946263866066","displayName":"omar-encryption-project-87055","name":"projects/omar-encryption-project-87055","resources":{"hostingSite":"omar-encryption-project-87055"},"state":"ACTIVE","etag":"1_10cb4465-41b6-49ee-a9e0-e01fe0c0011a"}
[debug] [2026-04-17T23:51:51.833Z] ExitPromptError: User force closed the prompt with SIGINT
    at Interface.sigint (C:\Users\Haoma\AppData\Roaming\npm\node_modules\firebase-tools\node_modules\@inquirer\core\dist\commonjs\lib\create-prompt.js:101:37)
    at Interface.emit (node:events:508:28)
    at [_ttyWrite] [as _ttyWrite] (node:internal/readline/interface:1327:18)
    at ReadStream.onkeypress (node:internal/readline/interface:284:20)
    at ReadStream.emit (node:events:520:35)
    at emitKeys (node:internal/readline/utils:371:14)
    at emitKeys.next (<anonymous>)
    at ReadStream.onData (node:internal/readline/emitKeypressEvents:64:36)
    at ReadStream.emit (node:events:508:28)
    at addChunk (node:internal/streams/readable:563:12)
[error] 
[error] Error: An unexpected error has occurred.
